<?xml version="1.0" encoding="UTF-8"?>
<testng-results ignored="0" total="2" passed="2" failed="0" skipped="0">
  <reporter-output>
  </reporter-output>
  <suite started-at="2025-10-18T11:49:19 IST" name="Default suite" finished-at="2025-10-18T11:49:57 IST" duration-ms="37812">
    <groups>
    </groups>
    <test started-at="2025-10-18T11:49:19 IST" name="Default test" finished-at="2025-10-18T11:49:57 IST" duration-ms="37812">
      <class name="com.ui.tests.LoginTest">
        <test-method is-config="true" signature="setUp(java.lang.String,boolean,boolean,org.testng.ITestResult)[pri:0, instance:com.ui.tests.LoginTest@be68757]" started-at="2025-10-18T11:49:19 IST" name="setUp" description="Load the browser and open the website" finished-at="2025-10-18T11:49:27 IST" duration-ms="7961" status="PASS">
          <params>
            <param index="0">
              <value>
                <![CDATA[chrome]]>
              </value>
            </param>
            <param index="1">
              <value>
                <![CDATA[false]]>
              </value>
            </param>
            <param index="2">
              <value>
                <![CDATA[true]]>
              </value>
            </param>
            <param index="3">
              <value>
                <![CDATA[[TestResult name={null} status=CREATED method=LoginTest.loginTest(com.ui.pojos.User)[pri:0, instance:com.ui.tests.LoginTest@be68757] output={null}]]]>
              </value>
            </param>
          </params>
          <reporter-output>
          </reporter-output>
        </test-method> <!-- setUp -->
        <test-method signature="loginTest(com.ui.pojos.User)[pri:0, instance:com.ui.tests.LoginTest@be68757]" started-at="2025-10-18T11:49:27 IST" name="loginTest" description="Verify the login scenario" data-provider="loginDataProviders" finished-at="2025-10-18T11:49:46 IST" duration-ms="19098" status="PASS">
          <params>
            <param index="0">
              <value>
                <![CDATA[com.ui.pojos.User@25b5c5e3]]>
              </value>
            </param>
          </params>
          <reporter-output>
          </reporter-output>
        </test-method> <!-- loginTest -->
        <test-method is-config="true" signature="teardown()[pri:0, instance:com.ui.tests.LoginTest@be68757]" started-at="2025-10-18T11:49:46 IST" name="teardown" finished-at="2025-10-18T11:49:46 IST" duration-ms="148" status="PASS">
          <reporter-output>
          </reporter-output>
        </test-method> <!-- teardown -->
        <test-method is-config="true" signature="setUp(java.lang.String,boolean,boolean,org.testng.ITestResult)[pri:0, instance:com.ui.tests.LoginTest@be68757]" started-at="2025-10-18T11:49:46 IST" name="setUp" description="Load the browser and open the website" finished-at="2025-10-18T11:49:49 IST" duration-ms="2865" status="PASS">
          <params>
            <param index="0">
              <value>
                <![CDATA[chrome]]>
              </value>
            </param>
            <param index="1">
              <value>
                <![CDATA[false]]>
              </value>
            </param>
            <param index="2">
              <value>
                <![CDATA[true]]>
              </value>
            </param>
            <param index="3">
              <value>
                <![CDATA[[TestResult name={null} status=CREATED method=LoginTest.loginTest(com.ui.pojos.User)[pri:0, instance:com.ui.tests.LoginTest@be68757] output={null}]]]>
              </value>
            </param>
          </params>
          <reporter-output>
          </reporter-output>
        </test-method> <!-- setUp -->
        <test-method signature="loginTest(com.ui.pojos.User)[pri:0, instance:com.ui.tests.LoginTest@be68757]" started-at="2025-10-18T11:49:49 IST" name="loginTest" description="Verify the login scenario" data-provider="loginDataProviders" finished-at="2025-10-18T11:49:56 IST" duration-ms="7344" status="PASS">
          <params>
            <param index="0">
              <value>
                <![CDATA[com.ui.pojos.User@dab48d3]]>
              </value>
            </param>
          </params>
          <reporter-output>
          </reporter-output>
        </test-method> <!-- loginTest -->
        <test-method is-config="true" signature="teardown()[pri:0, instance:com.ui.tests.LoginTest@be68757]" started-at="2025-10-18T11:49:56 IST" name="teardown" finished-at="2025-10-18T11:49:57 IST" duration-ms="126" status="PASS">
          <reporter-output>
          </reporter-output>
        </test-method> <!-- teardown -->
      </class> <!-- com.ui.tests.LoginTest -->
    </test> <!-- Default test -->
  </suite> <!-- Default suite -->
</testng-results>
